Using pre-set license
Built from '2020.3/staging' branch; Version is '2020.3.20f1 (41c4e627c95f) revision 4310246'; Using compiler version '192528614'; Build Type 'Release'
OS: 'Windows 10 Home China; OS build 18363.1556; Version 1909; 64bit' Language: 'zh' Physical Memory: 32688 MB
BatchMode: 1, IsHumanControllingUs: 0, StartBugReporterOnCrash: 0, Is64bit: 1, IsPro: 0

COMMAND LINE ARGUMENTS:
C:\Program Files\Unity\Hub\Editor\2020.3.20f1\Editor\Unity.exe
-adb2
-batchMode
-noUpm
-name
AssetImportWorker0
-projectPath
C:/Users/Ginger/Desktop/GAMES103/Lab3
-logFile
Logs/AssetImportWorker0.log
-srvPort
60987
Successfully changed project path to: C:/Users/Ginger/Desktop/GAMES103/Lab3
C:/Users/Ginger/Desktop/GAMES103/Lab3
Using Asset Import Pipeline V2.
Refreshing native plugins compatible for Editor in 24.86 ms, found 2 plugins.
Preloading 0 native plugins for Editor in 0.00 ms.
Initialize engine version: 2020.3.20f1 (41c4e627c95f)
[Subsystems] Discovering subsystems at path C:/Program Files/Unity/Hub/Editor/2020.3.20f1/Editor/Data/Resources/UnitySubsystems
[Subsystems] Discovering subsystems at path C:/Users/Ginger/Desktop/GAMES103/Lab3/Assets
GfxDevice: creating device client; threaded=0
Direct3D:
    Version:  Direct3D 11.0 [level 11.1]
    Renderer: NVIDIA GeForce GTX 1060 6GB (ID=0x1c03)
    Vendor:   
    VRAM:     6052 MB
    Driver:   30.0.14.7168
Initialize mono
Mono path[0] = 'C:/Program Files/Unity/Hub/Editor/2020.3.20f1/Editor/Data/Managed'
Mono path[1] = 'C:/Program Files/Unity/Hub/Editor/2020.3.20f1/Editor/Data/MonoBleedingEdge/lib/mono/unityjit'
Mono config path = 'C:/Program Files/Unity/Hub/Editor/2020.3.20f1/Editor/Data/MonoBleedingEdge/etc'
Using monoOptions --debugger-agent=transport=dt_socket,embedding=1,server=y,suspend=n,address=127.0.0.1:56820
Begin MonoManager ReloadAssembly
Registering precompiled unity dll's ...
Register platform support module: C:/Program Files/Unity/Hub/Editor/2020.3.20f1/Editor/Data/PlaybackEngines/WindowsStandaloneSupport/UnityEditor.WindowsStandalone.Extensions.dll
Registered in 0.003625 seconds.
Native extension for WindowsStandalone target not found
Refreshing native plugins compatible for Editor in 22.68 ms, found 2 plugins.
Preloading 0 native plugins for Editor in 0.00 ms.
Mono: successfully reloaded assembly
- Completed reload, in  1.042 seconds
Domain Reload Profiling:
	ReloadAssembly (1042ms)
		BeginReloadAssembly (58ms)
			ExecutionOrderSort (0ms)
			DisableScriptedObjects (0ms)
			BackupInstance (0ms)
			ReleaseScriptingObjects (0ms)
			CreateAndSetChildDomain (1ms)
		EndReloadAssembly (309ms)
			LoadAssemblies (54ms)
			RebuildTransferFunctionScriptingTraits (0ms)
			SetupTypeCache (112ms)
			ReleaseScriptCaches (0ms)
			RebuildScriptCaches (21ms)
			SetupLoadedEditorAssemblies (113ms)
				LogAssemblyErrors (0ms)
				InitializePlatformSupportModulesInManaged (3ms)
				SetLoadedEditorAssemblies (0ms)
				RefreshPlugins (23ms)
				BeforeProcessingInitializeOnLoad (7ms)
				ProcessInitializeOnLoadAttributes (58ms)
				ProcessInitializeOnLoadMethodAttributes (21ms)
				AfterProcessingInitializeOnLoad (0ms)
				EditorAssembliesLoaded (0ms)
			ExecutionOrderSort2 (0ms)
			AwakeInstancesAfterBackupRestoration (0ms)
Platform modules already initialized, skipping
Registering precompiled user dll's ...
Registered in 0.004569 seconds.
Begin MonoManager ReloadAssembly
Native extension for WindowsStandalone target not found
Refreshing native plugins compatible for Editor in 0.23 ms, found 2 plugins.
Preloading 0 native plugins for Editor in 0.00 ms.
Mono: successfully reloaded assembly
- Completed reload, in  0.792 seconds
Domain Reload Profiling:
	ReloadAssembly (792ms)
		BeginReloadAssembly (126ms)
			ExecutionOrderSort (0ms)
			DisableScriptedObjects (3ms)
			BackupInstance (0ms)
			ReleaseScriptingObjects (0ms)
			CreateAndSetChildDomain (13ms)
		EndReloadAssembly (608ms)
			LoadAssemblies (84ms)
			RebuildTransferFunctionScriptingTraits (0ms)
			SetupTypeCache (198ms)
			ReleaseScriptCaches (0ms)
			RebuildScriptCaches (30ms)
			SetupLoadedEditorAssemblies (233ms)
				LogAssemblyErrors (0ms)
				InitializePlatformSupportModulesInManaged (4ms)
				SetLoadedEditorAssemblies (0ms)
				RefreshPlugins (0ms)
				BeforeProcessingInitializeOnLoad (53ms)
				ProcessInitializeOnLoadAttributes (159ms)
				ProcessInitializeOnLoadMethodAttributes (3ms)
				AfterProcessingInitializeOnLoad (13ms)
				EditorAssembliesLoaded (0ms)
			ExecutionOrderSort2 (0ms)
			AwakeInstancesAfterBackupRestoration (5ms)
Platform modules already initialized, skipping
========================================================================
Worker process is ready to serve import requests
Launched and connected shader compiler UnityShaderCompiler.exe after 0.04 seconds
Refreshing native plugins compatible for Editor in 0.22 ms, found 2 plugins.
Preloading 0 native plugins for Editor in 0.00 ms.
Unloading 1402 Unused Serialized files (Serialized files now loaded: 0)
System memory in use before: 65.0 MB.
System memory in use after: 65.1 MB.

Unloading 16 unused Assets to reduce memory usage. Loaded Objects now: 1837.
Total: 1.829400 ms (FindLiveObjects: 0.098900 ms CreateObjectMapping: 0.032200 ms MarkObjects: 1.660100 ms  DeleteObjects: 0.037600 ms)

AssetImportParameters requested are different than current active one (requested -> active):
  custom:framework-win-MediaFoundation: 216162199b28c13a410421893ffa2e32 -> 
  custom:video-decoder-ogg-theora: a1e56fd34408186e4bbccfd4996cb3dc -> 
  custom:container-muxer-webm: aa71ff27fc2769a1b78a27578f13a17b -> 
  custom:container-demuxer-webm: 4f35f7cbe854078d1ac9338744f61a02 -> 
  custom:container-demuxer-ogg: 62fdf1f143b41e24485cea50d1cbac27 -> 
  custom:video-encoder-webm-vp8: eb34c28f22e8b96e1ab97ce403110664 -> 
  custom:video-codec-MediaFoundation-h265: 746d11721c4dcdbdad8f713fa42b33f4 -> 
  custom:video-decoder-webm-vp8: 9c59270c3fd7afecdb556c50c9e8de78 -> 
  custom:audio-decoder-ogg-vorbis: bf7c407c2cedff20999df2af8eb42d56 -> 
  custom:audio-encoder-webm-vorbis: bf7c407c2cedff20999df2af8eb42d56 -> 
========================================================================
Received Import Request.
  path: Assets/FVM.cs
  artifactKey: Guid(484a865385b854effb23c94d2c294cb8) Importer(815301076,1909f56bfc062723c751e8b465ee728b)
Start importing Assets/FVM.cs using Guid(484a865385b854effb23c94d2c294cb8) Importer(815301076,1909f56bfc062723c751e8b465ee728b)  -> (artifact id: 'b3ab6ecea5038d00bb4b796f72d4da32') in 0.023758 seconds 
  Import took 0.025499 seconds .

========================================================================
Received Import Request.
  Time since last request: 0.002914 seconds.
  path: Assets/Materials/tile-texture-decorating-inspiration-60.png
  artifactKey: Guid(a07fa5f6e80e44ff48556beefe77485a) Importer(815301076,1909f56bfc062723c751e8b465ee728b)
Start importing Assets/Materials/tile-texture-decorating-inspiration-60.png using Guid(a07fa5f6e80e44ff48556beefe77485a) Importer(815301076,1909f56bfc062723c751e8b465ee728b)  -> (artifact id: '1a6e9ec847b12fb81bfba3aee8ad2d6f') in 0.064097 seconds 
  Import took 0.065597 seconds .

========================================================================
Received Import Request.
  Time since last request: 0.002517 seconds.
  path: Assets/Materials
  artifactKey: Guid(caf47926bd30f43a68fa726787f04c01) Importer(815301076,1909f56bfc062723c751e8b465ee728b)
Start importing Assets/Materials using Guid(caf47926bd30f43a68fa726787f04c01) Importer(815301076,1909f56bfc062723c751e8b465ee728b)  -> (artifact id: '6f8667fa75b44dd77af18f8968a3b0b8') in 0.002397 seconds 
  Import took 0.003934 seconds .

========================================================================
Received Import Request.
  Time since last request: 0.007016 seconds.
  path: Assets/Scenes
  artifactKey: Guid(15a0c9e127b8ed544983b7c3488e1434) Importer(815301076,1909f56bfc062723c751e8b465ee728b)
Start importing Assets/Scenes using Guid(15a0c9e127b8ed544983b7c3488e1434) Importer(815301076,1909f56bfc062723c751e8b465ee728b)  -> (artifact id: 'ed22896f2a46168e158b9b86a582ea9e') in 0.002473 seconds 
  Import took 0.004069 seconds .

========================================================================
Received Import Request.
  Time since last request: 0.002722 seconds.
  path: Assets/Materials/tile-texture-decorating-inspiration-60.mat
  artifactKey: Guid(78484662904794bfd8e8685f27202766) Importer(815301076,1909f56bfc062723c751e8b465ee728b)
Start importing Assets/Materials/tile-texture-decorating-inspiration-60.mat using Guid(78484662904794bfd8e8685f27202766) Importer(815301076,1909f56bfc062723c751e8b465ee728b)  -> (artifact id: '73dd364bf712a0d3a2f058201e064afb') in 0.049109 seconds 
  Import took 0.050619 seconds .

========================================================================
Received Import Request.
  Time since last request: 0.003324 seconds.
  path: Assets/Materials/house-material.mat
  artifactKey: Guid(58faca31a36c043d7a90195ebcef79fb) Importer(815301076,1909f56bfc062723c751e8b465ee728b)
Start importing Assets/Materials/house-material.mat using Guid(58faca31a36c043d7a90195ebcef79fb) Importer(815301076,1909f56bfc062723c751e8b465ee728b)  -> (artifact id: '9b8d7e499f4aefa4ee6e9005eaf46712') in 0.007583 seconds 
  Import took 0.009609 seconds .

========================================================================
Received Import Request.
  Time since last request: 0.003511 seconds.
  path: Assets/Scenes/SampleScene.unity
  artifactKey: Guid(9fc0d4010bbf28b4594072e72b8655ab) Importer(815301076,1909f56bfc062723c751e8b465ee728b)
Start importing Assets/Scenes/SampleScene.unity using Guid(9fc0d4010bbf28b4594072e72b8655ab) Importer(815301076,1909f56bfc062723c751e8b465ee728b)  -> (artifact id: '447e36f5abeb89e6cce9514fa89d68bd') in 0.002775 seconds 
  Import took 0.004333 seconds .

AssetImportWorkerClient::OnTransportError - code=2 error=End of file
